2026-06-29 14:28:01,797 [      6]   INFO - #c.i.p.i.b.AppStarter - ------------------------------------------------------ IDE STARTED ------------------------------------------------------
2026-06-29 14:28:01,885 [     94]   INFO - #c.i.u.i.PageCacheUtils - File page caching params:
2026-06-29 14:28:01,885 [     94]   INFO - #c.i.u.i.PageCacheUtils - 	DEFAULT_PAGE_SIZE: 10485760
2026-06-29 14:28:01,885 [     94]   INFO - #c.i.u.i.PageCacheUtils - 	Direct memory to use, max: 2126512128
2026-06-29 14:28:01,886 [     95]   INFO - #c.i.u.i.PageCacheUtils - 	FilePageCache: regular + lock-free (LOCK_FREE_PAGE_CACHE_ENABLED:true)
2026-06-29 14:28:01,887 [     96]   INFO - #c.i.u.i.PageCacheUtils - 	NEW_PAGE_CACHE_MEMORY_FRACTION: 0.20000000298023224
2026-06-29 14:28:01,887 [     96]   INFO - #c.i.u.i.PageCacheUtils - 	Regular FilePageCache: 503316478 bytes
2026-06-29 14:28:01,888 [     97]   INFO - #c.i.u.i.PageCacheUtils - 	New     FilePageCache: 125829122 bytes (+ up to 10.0% overflow)
2026-06-29 14:28:01,888 [     97]   INFO - #c.i.u.i.PageCacheUtils - 	DirectByteBuffers pool: 104857600 bytes
2026-06-29 14:28:01,932 [    141]   INFO - #c.i.p.i.b.AppStarter - JNA library (64-bit) loaded in 114 ms
2026-06-29 14:28:01,938 [    147]   INFO - #c.i.p.i.b.AppStarter - IDE: IntelliJ IDEA (build #IC-241.14494.240, Thu, 28 Mar 2024 05:12:00 GMT)
2026-06-29 14:28:01,939 [    148]   INFO - #c.i.p.i.b.AppStarter - OS: Windows (11.0)
2026-06-29 14:28:01,939 [    148]   INFO - #c.i.p.i.b.AppStarter - JRE: 17.0.10+8-b1207.12, amd64 (JetBrains s.r.o.)
2026-06-29 14:28:01,940 [    149]   INFO - #c.i.p.i.b.AppStarter - JVM: 17.0.10+8-b1207.12 (OpenJDK 64-Bit Server VM)
2026-06-29 14:28:01,945 [    154]   INFO - #c.i.p.i.b.AppStarter - PID: 37812
2026-06-29 14:28:01,951 [    160]   INFO - #c.i.i.p.PluginManager - Module intellij.sh.python is not enabled because dependency intellij.python.community.impl is not available
Module intellij.groovy/ant is not enabled because dependency AntSupport is not available
Module intellij.qodana.jvm.swagger is not enabled because dependency com.intellij.swagger is not available
Module intellij.qodana.python is not enabled because dependency intellij.python is not available
Module intellij.qodana.php is not enabled because dependency com.jetbrains.php is not available
Module intellij.qodana.js is not enabled because dependency JavaScript is not available
Module intellij.qodana.inspectionKts.js is not enabled because dependency JavaScript is not available
Module intellij.qodana.go is not enabled because dependency intellij.go.coverage is not available
Module intellij.cwm.plugin.elevation is not enabled because dependency intellij.execution.process.elevation is not available
Module intellij.packageChecker.php is not enabled because dependency com.jetbrains.php is not available
Module intellij.packageChecker.python is not enabled because dependency intellij.python.community.impl is not available
Module intellij.packageChecker.javascript is not enabled because dependency JavaScript is not available
Module intellij.packageChecker.go is not enabled because dependency org.jetbrains.plugins.go is not available
2026-06-29 14:28:01,991 [    200]   INFO - #c.i.p.i.b.AppStarter - JVM options: [-Daether.connector.resumeDownloads=false, -Dide.show.tips.on.startup.default.value=false, -Didea.auto.reload.plugins=true, -Didea.classpath.index.enabled=false, -Didea.config.path=D:\AI-Project-Assistant-Studio\plugin\intellij\build\idea-sandbox\config, -Didea.is.internal=true, -Didea.log.path=D:\AI-Project-Assistant-Studio\plugin\intellij\build\idea-sandbox\system\log, -Didea.paths.selector=IdeaIC2024.1, -Didea.platform.prefix=Idea, -Didea.plugin.in.sandbox.mode=true, -Didea.plugins.path=D:\AI-Project-Assistant-Studio\plugin\intellij\build\idea-sandbox\plugins, -Didea.required.plugins.id=com.aipa.studio, -Didea.system.path=D:\AI-Project-Assistant-Studio\plugin\intellij\build\idea-sandbox\system, -Didea.vendor.name=JetBrains, -Dintellij.platform.runtime.repository.path=C:\Users\1309004\.gradle\caches\modules-2\files-2.1\com.jetbrains.intellij.idea\ideaIC\2024.1\181fa36f74690e64a81a8e06ceda9480d2a6c626\ideaIC-2024.1/modules/module-descriptors.jar, -Djava.system.class.loader=com.intellij.util.lang.PathClassLoader, -Djbr.catch.SIGABRT=true, -Djdk.attach.allowAttachSelf=true, -Djdk.http.auth.tunneling.disabledSchemes=, -Djdk.module.illegalAccess.silent=true, -Djna.boot.library.path=C:\Users\1309004\.gradle\caches\modules-2\files-2.1\com.jetbrains.intellij.idea\ideaIC\2024.1\181fa36f74690e64a81a8e06ceda9480d2a6c626\ideaIC-2024.1/lib/jna/amd64, -Djna.noclasspath=true, -Djna.nosys=true, -Dpty4j.preferred.native.folder=C:\Users\1309004\.gradle\caches\modules-2\files-2.1\com.jetbrains.intellij.idea\ideaIC\2024.1\181fa36f74690e64a81a8e06ceda9480d2a6c626\ideaIC-2024.1/lib/pty4j, -Dsplash=true, -Dsun.io.useCanonCaches=false, -Dsun.java2d.metal=true, -XX:+HeapDumpOnOutOfMemoryError, -XX:-OmitStackTraceInFastThrow, -XX:+IgnoreUnrecognizedVMOptions, -XX:CICompilerCount=2, -XX:ReservedCodeCacheSize=512m, -XX:CompileCommand=exclude,com/intellij/openapi/vfs/impl/FilePartNodeRoot,trieDescend, -XX:SoftRefLRUPolicyMSPerMB=50, -javaagent:D:\AI-Project-Assistant-Studio\plugin\intellij\build\tmp\initializeIntelliJPlugin\coroutines-javaagent.jar, --add-opens=java.base/java.io=ALL-UNNAMED, --add-opens=java.base/java.lang=ALL-UNNAMED, --add-opens=java.base/java.lang.ref=ALL-UNNAMED, --add-opens=java.base/java.lang.reflect=ALL-UNNAMED, --add-opens=java.base/java.net=ALL-UNNAMED, --add-opens=java.base/java.nio=ALL-UNNAMED, --add-opens=java.base/java.nio.charset=ALL-UNNAMED, --add-opens=java.base/java.text=ALL-UNNAMED, --add-opens=java.base/java.time=ALL-UNNAMED, --add-opens=java.base/java.util=ALL-UNNAMED, --add-opens=java.base/java.util.concurrent=ALL-UNNAMED, --add-opens=java.base/java.util.concurrent.atomic=ALL-UNNAMED, --add-opens=java.base/java.util.concurrent.locks=ALL-UNNAMED, --add-opens=java.base/jdk.internal.vm=ALL-UNNAMED, --add-opens=java.base/sun.nio.ch=ALL-UNNAMED, --add-opens=java.base/sun.nio.fs=ALL-UNNAMED, --add-opens=java.base/sun.security.ssl=ALL-UNNAMED, --add-opens=java.base/sun.security.util=ALL-UNNAMED, --add-opens=java.base/sun.net.dns=ALL-UNNAMED, --add-opens=java.desktop/java.awt=ALL-UNNAMED, --add-opens=java.desktop/java.awt.dnd.peer=ALL-UNNAMED, --add-opens=java.desktop/java.awt.event=ALL-UNNAMED, --add-opens=java.desktop/java.awt.image=ALL-UNNAMED, --add-opens=java.desktop/java.awt.peer=ALL-UNNAMED, --add-opens=java.desktop/java.awt.font=ALL-UNNAMED, --add-opens=java.desktop/javax.swing=ALL-UNNAMED, --add-opens=java.desktop/javax.swing.plaf.basic=ALL-UNNAMED, --add-opens=java.desktop/javax.swing.text=ALL-UNNAMED, --add-opens=java.desktop/javax.swing.text.html=ALL-UNNAMED, --add-opens=java.desktop/sun.awt.datatransfer=ALL-UNNAMED, --add-opens=java.desktop/sun.awt.image=ALL-UNNAMED, --add-opens=java.desktop/sun.awt.windows=ALL-UNNAMED, --add-opens=java.desktop/sun.awt=ALL-UNNAMED, --add-opens=java.desktop/sun.font=ALL-UNNAMED, --add-opens=java.desktop/sun.java2d=ALL-UNNAMED, --add-opens=java.desktop/sun.swing=ALL-UNNAMED, --add-opens=java.desktop/com.sun.java.swing=ALL-UNNAMED, --add-opens=jdk.attach/sun.tools.attach=ALL-UNNAMED, --add-opens=jdk.compiler/com.sun.tools.javac.api=ALL-UNNAMED, --add-opens=jdk.internal.jvmstat/sun.jvmstat.monitor=ALL-UNNAMED, --add-opens=jdk.jdi/com.sun.tools.jdi=ALL-UNNAMED, -Xms128m, -Xmx2048m, -Dfile.encoding=UTF-8, -Duser.country=TW, -Duser.language=zh, -Duser.variant, -ea]
2026-06-29 14:28:01,992 [    201]   INFO - #c.i.p.i.b.AppStarter - args: traverseUI D:\AI-Project-Assistant-Studio\plugin\intellij\build\searchableOptions true
2026-06-29 14:28:01,992 [    201]   INFO - #c.i.p.i.b.AppStarter - library path: C:\Users\1309004\.gradle\caches\modules-2\files-2.1\com.jetbrains\jbre\jbr_jcef-17.0.10-windows-x64-b1207.12\extracted\jbr_jcef-17.0.10-windows-x64-b1207.12\bin;C:\Windows\Sun\Java\bin;C:\Windows\system32;C:\Windows;C:\Python314\Scripts\;C:\Python314\;C:\Program Files\OpenLogic\jdk-21.0.9.10-hotspot\bin;C:\Program Files\OpenLogic\jdk-17.0.16.8-hotspot\bin;C:\Program Files\OpenLogic\jdk-11.0.28.6-hotspot\bin;C:\Windows\system32;C:\Windows;C:\Windows\System32\Wbem;C:\Windows\System32\WindowsPowerShell\v1.0\;C:\Windows\System32\OpenSSH\;C:\Program Files\TortoiseGit\bin;C:\Program Files\Git\cmd;C:\ProgramData\chocolatey\bin;D:\opt\openoffice4\program;C:\Program Files\PowerShell\7\;C:\Program Files\nodejs\;C:\apache-maven-3.6.3\bin;C:\Users\1309004\.local\bin;C:\Users\1309004\AppData\Local\Microsoft\WindowsApps;C:\Users\1309004\AppData\Local\Microsoft\WinGet\Links;C:\Users\1309004\AppData\Local\Programs\IBM Bob\bin;C:\Users\1309004\AppData\Roaming\npm;C:\Users\1309004\AppData\Local\Programs\Microsoft VS Code\bin;.
2026-06-29 14:28:01,992 [    201]   INFO - #c.i.p.i.b.AppStarter - boot library path: C:\Users\1309004\.gradle\caches\modules-2\files-2.1\com.jetbrains\jbre\jbr_jcef-17.0.10-windows-x64-b1207.12\extracted\jbr_jcef-17.0.10-windows-x64-b1207.12\bin
2026-06-29 14:28:02,025 [    234]   INFO - #c.i.p.i.b.AppStarter - locale=zh_TW JNU=MS950 file.encoding=UTF-8
    idea.config.path=D:\AI-Project-Assistant-Studio\plugin\intellij\build\idea-sandbox\config
    idea.system.path=D:\AI-Project-Assistant-Studio\plugin\intellij\build\idea-sandbox\system
    idea.plugins.path=D:\AI-Project-Assistant-Studio\plugin\intellij\build\idea-sandbox\plugins
    idea.log.path=D:\AI-Project-Assistant-Studio\plugin\intellij\build\idea-sandbox\system\log
2026-06-29 14:28:02,060 [    269]   INFO - #c.i.p.i.b.AppStarter - CPU cores: 22; ForkJoinPool.commonPool: java.util.concurrent.ForkJoinPool@47c8623f[Running, parallelism = 22, size = 0, active = 0, running = 0, steals = 0, tasks = 0, submissions = 0]; factory: com.intellij.concurrency.IdeaForkJoinWorkerThreadFactory@18a676d1
2026-06-29 14:28:02,067 [    276]   INFO - #c.i.i.p.PluginManager - Loaded bundled plugins: IDEA CORE (241.14494.240), TextMate Bundles (241.14494.240), Images (241.14494.240), Copyright (241.14494.240), EditorConfig (241.14494.240), IDE Services / Provisioner API (241.14494.240), Machine Learning in Search Everywhere (241.14494.240), YAML (241.14494.240), JetBrains maven model api classes (241.14494.240), JetBrains Repository Search (241.14494.240), Maven server api classes (241.14494.240), Markdown (241.14494.240), Terminal (241.14494.240), Mercurial (241.14494.240), Properties (241.14494.240), Gradle (241.14494.240), NetBeans Keymap (241.14494.240), JetBrains Marketplace Licensing (241.14494.240), com.intellij.dev (241.14494.240), Remote Execution Agent (241.14494.240), Shell Script (241.14494.240), HTML Tools (241.14494.240), Visual Studio Keymap (241.14494.240), Machine Learning Code Completion (241.14494.240), Toml (241.14494.240), WebP Support (241.14494.240), Performance Testing (241.14494.240), Grazie Lite (241.14494.240), Eclipse Keymap (241.14494.240), Perforce Helix Core (241.14494.240), GitLab (241.14494.240), IDE Features Trainer (241.14494.240), Java (241.14494.240), com.intellij.tracing.ide (241.14494.240), Java Bytecode Decompiler (241.14494.240), Java Stream Debugger (241.14494.240), Task Management (241.14494.240), GitHub (241.14494.240), JUnit (241.14494.240), Eclipse Interoperability (241.14494.240), IntelliLang (241.14494.240), Groovy (241.14494.240), JavaFX (241.14494.240), Turbo Complete (241.14494.240), Kotlin (241.14494.240-IJ), Gradle DSL API (241.14494.240), Java Internationalization (241.14494.240), UI Designer (241.14494.240), Bytecode Viewer (241.14494.240), Maven (241.14494.240), TestNG (241.14494.240), Code Coverage for Java (241.14494.240), Gradle-Java (241.14494.240), Gradle-Java-Analysis (241.14494.240), Gradle-Maven (241.14494.240), Java IDE Customization (241.14494.240), Settings Sync (241.14494.240), Git (241.14494.240), Qodana (241.14494.240), Configuration Script (241.14494.240), Shared Indexes (241.14494.240), Code With Me (241.14494.240), Subversion (241.14494.240), Package Checker (241.14494.240), Gradle Dependency Updater Implementation (241.14494.240), Async Profiler for IDE Performance Testing (241.14494.240)
2026-06-29 14:28:02,067 [    276]   INFO - #c.i.i.p.PluginManager - Loaded custom plugins: AIPA Studio (1.0.0-SNAPSHOT)
2026-06-29 14:28:02,265 [    474]   INFO - c.i.p.i.IdeFingerprint - Calculated dependencies fingerprint in 79 ms (hash=47gop9lb1hzp, buildTime=1711602720, appVersion=IC-241.14494.240)
2026-06-29 14:28:02,384 [    593]   INFO - #c.i.u.s.JBUIScale - System scale factor: 1.0 (IDE-managed HiDPI)
2026-06-29 14:28:02,472 [    681]   INFO - #c.i.a.o.PathMacrosImpl - Loaded path macros: {MAVEN_REPOSITORY=C:\Users\1309004\.m2\repository}
2026-06-29 14:28:02,541 [    750]   INFO - #c.i.o.v.n.p.PersistentFSLoader - VFS uses 'fast' names enumerator (over mmapped file)
2026-06-29 14:28:02,542 [    751]   INFO - #c.i.o.v.n.p.PersistentFSLoader - VFS uses streamlined attributes storage (over mmapped file)
2026-06-29 14:28:02,543 [    752]   INFO - #c.i.o.v.n.p.PersistentFSLoader - VFS uses content storage over memory-mapped file, with compression algo: LZ4[ > 8000b ]
2026-06-29 14:28:02,885 [   1094]   INFO - #c.i.o.v.n.p.FSRecords - VFS health-check enabled: first after 600000 ms, and each following 43200000 ms, wrap in RA: true
2026-06-29 14:28:02,900 [   1109]   INFO - #c.i.i.p.ExpiredPluginsState - Plugins to skip: []
2026-06-29 14:28:03,535 [   1744]   INFO - #c.i.u.n.s.CertificateManager - Default SSL context initialized
2026-06-29 14:28:03,839 [   2048]   INFO - #o.j.i.BuiltInServerManager - built-in server started, port 63343
2026-06-29 14:28:04,710 [   2919]   INFO - #c.i.o.v.n.p.PersistentFSLoader - VFS: impl (expected) version=846397, 0 file records, 0 content blobs
2026-06-29 14:28:04,719 [   2928]   INFO - #c.i.o.v.n.p.FSRecordsImpl - VFS initialized: 2188 ms, 0 failed attempts, 0 error(s) were recovered
2026-06-29 14:28:04,730 [   2939]   INFO - #c.i.o.v.n.p.FSRecordsImpl - VFS scanned: file-by-name index was populated
2026-06-29 14:28:04,781 [   2990]   INFO - #c.i.o.v.i.l.NativeFileWatcherImpl - Native file watcher is disabled
2026-06-29 14:28:05,125 [   3334]   INFO - #c.i.i.s.p.i.SharedIndexMainZipStorage - Shared Indexes Storage is opened and empty
2026-06-29 14:28:05,138 [   3347]   WARN - #c.i.i.s.p.i.BundledSharedIndexProvider - Bundled shared index is not found at: C:\Users\1309004\.gradle\caches\modules-2\files-2.1\com.jetbrains.intellij.idea\ideaIC\2024.1\181fa36f74690e64a81a8e06ceda9480d2a6c626\ideaIC-2024.1\jdk-shared-indexes
2026-06-29 14:28:07,252 [   5461]   INFO - #c.i.u.i.FileBasedIndexImpl - Indices to be built:java.fun.expression(v = 6),org.jetbrains.kotlin.idea.vfilefinder.KotlinModuleMappingIndex(v = 5),SchemaTypeInheritance(v = 2),com.intellij.uiDesigner.FormClassIndex(v = 0),bytecodeAnalysis(v = 11),yaml.keys.name(v = 1),TodoIndex(v = 13),org.jetbrains.kotlin.idea.vfilefinder.KotlinClassFileIndex(v = 3),org.jetbrains.kotlin.idea.vfilefinder.KotlinShortClassNameFileIndex(v = 3),json.file.root.values(v = 5),org.jetbrains.kotlin.idea.versions.KotlinJsMetadataVersionIndex(v = 3),java.null.method.argument(v = 1),org.jetbrains.kotlin.idea.vfilefinder.KotlinPartialPackageNamesIndex(v = 5),RelaxSymbolIndex(v = 0),Trigram.Index(v = 4),IdIndex(v = 22),org.jetbrains.kotlin.idea.vfilefinder.KotlinStdlibIndex(v = 1),XmlTagNames(v = 1),JavaFxControllerClassIndex(v = 1),fileIncludes(v = 6),html5.custom.attributes.index(v = 1),KotlinTopLevelClassLikeDeclarationByPackageShortNameIndex(v = 3),org.jetbrains.kotlin.idea.vfilefinder.KlibMetaFileIndex(v = 4),org.jetbrains.kotlin.idea.vfilefinder.KotlinMetadataFileIndex(v = 2),FrameworkDetectionIndex(v = 65536),xmlProperties(v = 2),org.jetbrains.kotlin.idea.vfilefinder.KotlinBuiltInsMetadataIndex(v = 4),java.source.module.name(v = 4),org.jetbrains.kotlin.idea.vfilefinder.KotlinMetadataFilePackageIndex(v = 2),editorconfig.index.name(v = 5),org.jetbrains.kotlin.idea.versions.KotlinJvmMetadataVersionIndex(v = 5),KotlinBinaryRootToPackageIndex(v = 5),org.jetbrains.kotlin.idea.vfilefinder.KotlinJvmModuleAnnotationsIndex(v = 1),java.auto.module.name(v = 6),filetypes(v = 4096),HtmlTagIdIndex(v = 3),java.binary.plus.expression(v = 4),DomFileIndex(v = 0),KotlinPackageSourcesMemberNamesIndex(v = 2),KotlinTopLevelCallableByPackageShortNameIndex(v = 3),Stubs(v = 46),org.jetbrains.kotlin.idea.vfilefinder.KotlinJavaScriptMetaFileIndex(v = 4),javafx.id.name(v = 3),XmlNamespaces(v = 8),javafx.custom.component(v = 2),FilenameIndex(v = 258)
2026-06-29 14:28:07,257 [   5466]   INFO - #c.i.u.i.FileBasedIndexImpl - Using nice flusher for indexes
2026-06-29 14:28:07,271 [   5480]   INFO - #c.i.u.i.IndexDataInitializer - Index data initialization done: 2508 ms. Initialized indexes: [FilenameIndex, java.auto.module.name, filetypes, XmlNamespaces, SchemaTypeInheritance, XmlTagNames, yaml.keys.name, Trigram.Index, RelaxSymbolIndex, java.fun.expression, fileIncludes, html5.custom.attributes.index, TodoIndex, java.null.method.argument, editorconfig.index.name, xmlProperties, DomFileIndex, java.source.module.name, json.file.root.values, HtmlTagIdIndex, bytecodeAnalysis, java.binary.plus.expression, JavaFxControllerClassIndex, javafx.id.name, javafx.custom.component, org.jetbrains.kotlin.idea.versions.KotlinJvmMetadataVersionIndex, org.jetbrains.kotlin.idea.versions.KotlinJsMetadataVersionIndex, org.jetbrains.kotlin.idea.vfilefinder.KotlinPartialPackageNamesIndex, IdIndex, FrameworkDetectionIndex, org.jetbrains.kotlin.idea.vfilefinder.KotlinClassFileIndex, org.jetbrains.kotlin.idea.vfilefinder.KotlinMetadataFileIndex, org.jetbrains.kotlin.idea.vfilefinder.KotlinJavaScriptMetaFileIndex, org.jetbrains.kotlin.idea.vfilefinder.KotlinMetadataFilePackageIndex, org.jetbrains.kotlin.idea.vfilefinder.KotlinBuiltInsMetadataIndex, KotlinPackageSourcesMemberNamesIndex, org.jetbrains.kotlin.idea.vfilefinder.KotlinModuleMappingIndex, org.jetbrains.kotlin.idea.vfilefinder.KotlinJvmModuleAnnotationsIndex, org.jetbrains.kotlin.idea.vfilefinder.KotlinShortClassNameFileIndex, com.intellij.uiDesigner.FormClassIndex, org.jetbrains.kotlin.idea.vfilefinder.KotlinStdlibIndex, KotlinTopLevelCallableByPackageShortNameIndex, KotlinBinaryRootToPackageIndex, org.jetbrains.kotlin.idea.vfilefinder.KlibMetaFileIndex, KotlinTopLevelClassLikeDeclarationByPackageShortNameIndex, Stubs].
2026-06-29 14:28:08,819 [   7028]   INFO - #c.i.i.p.n.PluginsGroupComponentWithProgress - Marketplace tab: loading stopped
2026-06-29 14:28:08,860 [   7069]   INFO - #c.i.i.p.PluginManagerConfigurable - Marketplace tab: 'Staff Picks' group load started
2026-06-29 14:28:09,304 [   7513]   INFO - #c.i.i.p.PluginManagerConfigurable - Marketplace tab: 'Staff Picks' group load finished
2026-06-29 14:28:09,304 [   7513]   INFO - #c.i.i.p.PluginManagerConfigurable - Marketplace tab: 'New and Updated' group load started
2026-06-29 14:28:09,621 [   7830]   INFO - #c.i.i.p.PluginManagerConfigurable - Marketplace tab: 'New and Updated' group load finished
2026-06-29 14:28:09,622 [   7831]   INFO - #c.i.i.p.PluginManagerConfigurable - Marketplace tab: 'Top Downloads' group load started
2026-06-29 14:28:09,994 [   8203]   INFO - #c.i.p.s.StubIndexImpl - Following stub indices will be built:KotlinExtensionsInObjectsByReceiverTypeIndex(v = 2),org.jetbrains.kotlin.idea.stubindex.KotlinSuperClassIndex(v = 2),org.jetbrains.kotlin.idea.stubindex.KotlinClassShortNameIndex(v = 2),KotlinTypeAliasByExpansionShortNameIndex(v = 2),gr.method.name(v = 5),gr.class.super(v = 5),org.jetbrains.kotlin.idea.stubindex.KotlinFileFacadeShortNameIndex(v = 2),gr.annot.members(v = 5),gr.field.name(v = 5),org.jetbrains.kotlin.idea.stubindex.KotlinMultifileClassPartIndex(v = 2),org.jetbrains.kotlin.idea.stubindex.KotlinFullClassNameIndex(v = 2),java.class.extlist(v = 3),gr.script.fqn.s(v = 5),org.jetbrains.kotlin.idea.stubindex.KotlinJvmNameAnnotationIndex(v = 2),kotlin.primeIndexKey(v = 2),org.jetbrains.kotlin.idea.stubindex.KotlinTopLevelTypeAliasFqNameIndex(v = 2),java.anonymous.baseref(v = 2),gr.anonymous.class(v = 6),markdown.header.anchor(v = 2),java.module.name(v = 4),java.class.fqn(v = 1),org.jetbrains.kotlin.idea.stubindex.KotlinSubclassObjectNameIndex(v = 2),KotlinTopLevelTypeAliasByPackageIndex(v = 2),markdown.header(v = 2),KotlinTopLevelFunctionByPackageIndex(v = 2),org.jetbrains.kotlin.idea.stubindex.KotlinFileFacadeFqNameIndex(v = 2),java.unnamed.class(v = 2),gr.class.fqn.s(v = 5),java.class.shortname(v = 4),java.method.name(v = 2),org.jetbrains.kotlin.idea.stubindex.KotlinPropertyShortNameIndex(v = 2),gr.annot.method.name(v = 5),org.jetbrains.kotlin.idea.stubindex.KotlinTypeAliasShortNameIndex(v = 2),org.jetbrains.kotlin.idea.stubindex.KotlinTopLevelClassByPackageIndex(v = 2),org.jetbrains.kotlin.idea.stubindex.KotlinTopLevelPropertyFqnNameIndex(v = 2),jvm.static.member.type(v = 2),KotlinTopLevelPropertyByPackageIndex(v = 2),KotlinProbablyContractedFunctionShortNameIndex(v = 2),dom.namespaceKey(v = 1),org.jetbrains.kotlin.idea.stubindex.KotlinFunctionShortNameIndex(v = 2),KotlinOverridableInternalMembersShortNameIndex(v = 2),org.jetbrains.kotlin.idea.stubindex.KotlinAnnotationsIndex(v = 3),KotlinProbablyNothingPropertyShortNameIndex(v = 2),java.method.parameter.types(v = 3),dom.elementClass(v = 0),jvm.static.member.name(v = 2),KotlinProbablyNothingFunctionShortNameIndex(v = 2),java.annotations(v = 2),org.jetbrains.kotlin.idea.stubindex.KotlinFilePartClassIndex(v = 2),org.jetbrains.kotlin.idea.stubindex.KotlinScriptFqnIndex(v = 2),KotlinFileFacadeClassByPackageIndex(v = 2),KotlinTopLevelExtensionsByReceiverTypeIndex(v = 3),org.jetbrains.kotlin.idea.stubindex.KotlinExactPackagesIndex(v = 2),org.jetbrains.kotlin.idea.stubindex.KotlinTopLevelFunctionFqnNameIndex(v = 2),properties.index(v = 2),org.jetbrains.kotlin.idea.stubindex.KotlinInnerTypeAliasClassIdIndex(v = 2),java.field.name(v = 2),gr.script.class(v = 5)
2026-06-29 14:28:09,998 [   8207]   INFO - #c.i.u.i.IndexDataInitializer - Index data initialization done: 2727 ms. Initialized stub indexes: {org.jetbrains.kotlin.idea.stubindex.KotlinTopLevelPropertyFqnNameIndex, dom.namespaceKey, gr.annot.method.name, java.annotations, java.module.name, org.jetbrains.kotlin.idea.stubindex.KotlinFunctionShortNameIndex, KotlinTopLevelExtensionsByReceiverTypeIndex, org.jetbrains.kotlin.idea.stubindex.KotlinFilePartClassIndex, java.method.name, org.jetbrains.kotlin.idea.stubindex.KotlinTopLevelFunctionFqnNameIndex, gr.class.fqn.s, gr.script.fqn.s, org.jetbrains.kotlin.idea.stubindex.KotlinSuperClassIndex, org.jetbrains.kotlin.idea.stubindex.KotlinMultifileClassPartIndex, gr.anonymous.class, gr.script.class, KotlinFileFacadeClassByPackageIndex, KotlinProbablyContractedFunctionShortNameIndex, gr.field.name, KotlinTopLevelTypeAliasByPackageIndex, properties.index, jvm.static.member.name, jvm.static.member.type, org.jetbrains.kotlin.idea.stubindex.KotlinAnnotationsIndex, KotlinTypeAliasByExpansionShortNameIndex, java.unnamed.class, org.jetbrains.kotlin.idea.stubindex.KotlinFileFacadeShortNameIndex, KotlinOverridableInternalMembersShortNameIndex, java.class.shortname, org.jetbrains.kotlin.idea.stubindex.KotlinPropertyShortNameIndex, gr.annot.members, org.jetbrains.kotlin.idea.stubindex.KotlinJvmNameAnnotationIndex, markdown.header, markdown.header.anchor, KotlinProbablyNothingFunctionShortNameIndex, java.method.parameter.types, org.jetbrains.kotlin.idea.stubindex.KotlinTopLevelTypeAliasFqNameIndex, KotlinTopLevelPropertyByPackageIndex, java.class.fqn, dom.elementClass, org.jetbrains.kotlin.idea.stubindex.KotlinScriptFqnIndex, java.anonymous.baseref, org.jetbrains.kotlin.idea.stubindex.KotlinExactPackagesIndex, gr.class.super, KotlinProbablyNothingPropertyShortNameIndex, org.jetbrains.kotlin.idea.stubindex.KotlinInnerTypeAliasClassIdIndex, org.jetbrains.kotlin.idea.stubindex.KotlinTopLevelClassByPackageIndex, kotlin.primeIndexKey, KotlinExtensionsInObjectsByReceiverTypeIndex, org.jetbrains.kotlin.idea.stubindex.KotlinTypeAliasShortNameIndex, org.jetbrains.kotlin.idea.stubindex.KotlinFileFacadeFqNameIndex, java.class.extlist, gr.method.name, java.field.name, KotlinTopLevelFunctionByPackageIndex, org.jetbrains.kotlin.idea.stubindex.KotlinSubclassObjectNameIndex, org.jetbrains.kotlin.idea.stubindex.KotlinFullClassNameIndex, org.jetbrains.kotlin.idea.stubindex.KotlinClassShortNameIndex}.
2026-06-29 14:28:10,009 [   8218]   INFO - #c.i.i.p.PluginManagerConfigurable - Marketplace tab: 'Top Downloads' group load finished
2026-06-29 14:28:10,009 [   8218]   INFO - #c.i.i.p.PluginManagerConfigurable - Marketplace tab: 'Top Rated' group load started
2026-06-29 14:28:10,368 [   8577]   INFO - #c.i.i.p.PluginManagerConfigurable - Marketplace tab: 'Top Rated' group load finished
2026-06-29 14:28:12,540 [  10749]   INFO - #c.i.w.i.i.j.s.JpsGlobalModelSynchronizerImpl - Loading global entities com.intellij.platform.workspace.jps.entities.SdkEntity from files
2026-06-29 14:28:12,543 [  10752]   INFO - #c.i.w.i.i.j.s.JpsGlobalModelSynchronizerImpl - Loading global entities com.intellij.platform.workspace.jps.entities.LibraryEntity from files
2026-06-29 14:28:14,816 [  13025]   INFO - #c.i.o.a.i.NonBlockingReadActionImpl - OTel monitoring for NonBlockingReadAction is enabled
2026-06-29 14:28:19,855 [  18064]   INFO - #c.i.r.OsRegistryConfigProvider - Looking for 'lobbyServerUrl' value in [HKLM_64\SOFTWARE\JetBrains\CodeWithMe\lobbyServerUrl, HKLM_32\SOFTWARE\JetBrains\CodeWithMe\lobbyServerUrl, HKCU_64\SOFTWARE\JetBrains\CodeWithMe\lobbyServerUrl, HKCU_32\SOFTWARE\JetBrains\CodeWithMe\lobbyServerUrl]
2026-06-29 14:28:19,900 [  18109]   INFO - #c.i.r.OsRegistryConfigProvider - OS provided value for 'lobbyServerUrl' is not found
2026-06-29 14:28:19,901 [  18110]   INFO - #c.j.r.p.c.u.CodeWithMeSystemSettings - Setting default value='https://code-with-me.jetbrains.com'
2026-06-29 14:28:19,928 [  18137]   INFO - #c.i.r.OsRegistryConfigProvider - Looking for 'lobbyServerUrl' value in [HKLM_64\SOFTWARE\JetBrains\CodeWithMe\lobbyServerUrl, HKLM_32\SOFTWARE\JetBrains\CodeWithMe\lobbyServerUrl, HKCU_64\SOFTWARE\JetBrains\CodeWithMe\lobbyServerUrl, HKCU_32\SOFTWARE\JetBrains\CodeWithMe\lobbyServerUrl]
2026-06-29 14:28:19,929 [  18138]   INFO - #c.i.r.OsRegistryConfigProvider - OS provided value for 'lobbyServerUrl' is not found
2026-06-29 14:28:19,929 [  18138]   INFO - #c.j.r.p.c.u.CodeWithMeSystemSettings - Setting default value='https://code-with-me.jetbrains.com'
2026-06-29 14:28:26,097 [  24306]   WARN - #c.i.u.j.JBCefApp - JCEF is manually disabled in headless env via 'ide.browser.jcef.headless.enabled=false'
2026-06-29 14:28:28,877 [  27086]   INFO - STDOUT - Found 206 configurables
2026-06-29 14:28:28,996 [  27205]   INFO - #c.i.i.p.n.PluginsGroupComponentWithProgress - Marketplace tab: loading stopped
2026-06-29 14:28:30,088 [  28297]   WARN - #c.i.o.a.ActionStub - ActionGroup should be registered using <group> tag: id="GitBranchesTreePopupFilterSeparatorWithText" class="git4idea.ui.branch.popup.GitBranchesTreePopupFilterSeparatorWithText"
2026-06-29 14:28:31,516 [  29725]   INFO - STDOUT - Output written to D:\AI-Project-Assistant-Studio\plugin\intellij\build\searchableOptions\textmate.jar\search\textmate.jar.searchableOptions.xml
2026-06-29 14:28:31,530 [  29739]   INFO - STDOUT - Output written to D:\AI-Project-Assistant-Studio\plugin\intellij\build\searchableOptions\markdown.jar\search\markdown.jar.searchableOptions.xml
2026-06-29 14:28:31,536 [  29745]   INFO - STDOUT - Output written to D:\AI-Project-Assistant-Studio\plugin\intellij\build\searchableOptions\IntelliLang.jar\search\IntelliLang.jar.searchableOptions.xml
2026-06-29 14:28:31,540 [  29749]   INFO - STDOUT - Output written to D:\AI-Project-Assistant-Studio\plugin\intellij\build\searchableOptions\eclipse.jar\search\eclipse.jar.searchableOptions.xml
2026-06-29 14:28:31,547 [  29756]   INFO - STDOUT - Output written to D:\AI-Project-Assistant-Studio\plugin\intellij\build\searchableOptions\instrumented-intellij-1.0.0-SNAPSHOT.jar\search\instrumented-intellij-1.0.0-SNAPSHOT.jar.searchableOptions.xml
2026-06-29 14:28:31,560 [  29769]   INFO - STDOUT - Output written to D:\AI-Project-Assistant-Studio\plugin\intellij\build\searchableOptions\sh.jar\search\sh.jar.searchableOptions.xml
2026-06-29 14:28:31,569 [  29778]   INFO - STDOUT - Output written to D:\AI-Project-Assistant-Studio\plugin\intellij\build\searchableOptions\tasks-core.jar\search\tasks-core.jar.searchableOptions.xml
2026-06-29 14:28:31,576 [  29785]   INFO - STDOUT - Output written to D:\AI-Project-Assistant-Studio\plugin\intellij\build\searchableOptions\java-coverage.jar\search\java-coverage.jar.searchableOptions.xml
2026-06-29 14:28:31,584 [  29793]   INFO - STDOUT - Output written to D:\AI-Project-Assistant-Studio\plugin\intellij\build\searchableOptions\java-impl.jar!\search\java-impl.jar!.searchableOptions.xml
2026-06-29 14:28:31,591 [  29800]   INFO - STDOUT - Output written to D:\AI-Project-Assistant-Studio\plugin\intellij\build\searchableOptions\javaFX.jar!\search\javaFX.jar!.searchableOptions.xml
2026-06-29 14:28:31,602 [  29811]   INFO - STDOUT - Output written to D:\AI-Project-Assistant-Studio\plugin\intellij\build\searchableOptions\kotlin-plugin-shared.jar\search\kotlin-plugin-shared.jar.searchableOptions.xml
2026-06-29 14:28:31,608 [  29817]   INFO - STDOUT - Output written to D:\AI-Project-Assistant-Studio\plugin\intellij\build\searchableOptions\searchEverywhereMl.jar\search\searchEverywhereMl.jar.searchableOptions.xml
2026-06-29 14:28:31,615 [  29824]   INFO - STDOUT - Output written to D:\AI-Project-Assistant-Studio\plugin\intellij\build\searchableOptions\idea-junit.jar!\search\idea-junit.jar!.searchableOptions.xml
2026-06-29 14:28:31,623 [  29832]   INFO - STDOUT - Output written to D:\AI-Project-Assistant-Studio\plugin\intellij\build\searchableOptions\uiDesigner.jar\search\uiDesigner.jar.searchableOptions.xml
2026-06-29 14:28:31,629 [  29838]   INFO - STDOUT - Output written to D:\AI-Project-Assistant-Studio\plugin\intellij\build\searchableOptions\javaFX.jar\search\javaFX.jar.searchableOptions.xml
2026-06-29 14:28:31,636 [  29845]   INFO - STDOUT - Output written to D:\AI-Project-Assistant-Studio\plugin\intellij\build\searchableOptions\dev.jar\search\dev.jar.searchableOptions.xml
2026-06-29 14:28:31,644 [  29853]   INFO - STDOUT - Output written to D:\AI-Project-Assistant-Studio\plugin\intellij\build\searchableOptions\cwm-plugin-terminal.jar\search\cwm-plugin-terminal.jar.searchableOptions.xml
2026-06-29 14:28:31,670 [  29879]   INFO - STDOUT - Output written to D:\AI-Project-Assistant-Studio\plugin\intellij\build\searchableOptions\vcs-svn.jar\search\vcs-svn.jar.searchableOptions.xml
2026-06-29 14:28:31,681 [  29890]   INFO - STDOUT - Output written to D:\AI-Project-Assistant-Studio\plugin\intellij\build\searchableOptions\byteCodeViewer.jar\search\byteCodeViewer.jar.searchableOptions.xml
2026-06-29 14:28:31,692 [  29901]   INFO - STDOUT - Output written to D:\AI-Project-Assistant-Studio\plugin\intellij\build\searchableOptions\testng-plugin.jar!\search\testng-plugin.jar!.searchableOptions.xml
2026-06-29 14:28:31,701 [  29910]   INFO - STDOUT - Output written to D:\AI-Project-Assistant-Studio\plugin\intellij\build\searchableOptions\marketplace.jar\search\marketplace.jar.searchableOptions.xml
2026-06-29 14:28:31,709 [  29918]   INFO - STDOUT - Output written to D:\AI-Project-Assistant-Studio\plugin\intellij\build\searchableOptions\copyright.jar\search\copyright.jar.searchableOptions.xml
2026-06-29 14:28:31,717 [  29926]   INFO - STDOUT - Output written to D:\AI-Project-Assistant-Studio\plugin\intellij\build\searchableOptions\maven.jar\search\maven.jar.searchableOptions.xml
2026-06-29 14:28:31,722 [  29931]   INFO - STDOUT - Output written to D:\AI-Project-Assistant-Studio\plugin\intellij\build\searchableOptions\maven.jar!\search\maven.jar!.searchableOptions.xml
2026-06-29 14:28:31,746 [  29955]   INFO - STDOUT - Output written to D:\AI-Project-Assistant-Studio\plugin\intellij\build\searchableOptions\Groovy.jar\search\Groovy.jar.searchableOptions.xml
2026-06-29 14:28:31,779 [  29988]   INFO - STDOUT - Output written to D:\AI-Project-Assistant-Studio\plugin\intellij\build\searchableOptions\gradle-java.jar\search\gradle-java.jar.searchableOptions.xml
2026-06-29 14:28:31,794 [  30003]   INFO - STDOUT - Output written to D:\AI-Project-Assistant-Studio\plugin\intellij\build\searchableOptions\terminal.jar\search\terminal.jar.searchableOptions.xml
2026-06-29 14:28:31,801 [  30010]   INFO - STDOUT - Output written to D:\AI-Project-Assistant-Studio\plugin\intellij\build\searchableOptions\properties.jar\search\properties.jar.searchableOptions.xml
2026-06-29 14:28:31,809 [  30018]   INFO - STDOUT - Output written to D:\AI-Project-Assistant-Studio\plugin\intellij\build\searchableOptions\performanceTesting-async.jar\search\performanceTesting-async.jar.searchableOptions.xml
2026-06-29 14:28:31,819 [  30028]   INFO - STDOUT - Output written to D:\AI-Project-Assistant-Studio\plugin\intellij\build\searchableOptions\java-impl.jar\search\java-impl.jar.searchableOptions.xml
2026-06-29 14:28:31,858 [  30067]   INFO - STDOUT - Output written to D:\AI-Project-Assistant-Studio\plugin\intellij\build\searchableOptions\app-client.jar\search\app-client.jar.searchableOptions.xml
2026-06-29 14:28:31,867 [  30076]   INFO - STDOUT - Output written to D:\AI-Project-Assistant-Studio\plugin\intellij\build\searchableOptions\html-tools.jar\search\html-tools.jar.searchableOptions.xml
2026-06-29 14:28:31,875 [  30084]   INFO - STDOUT - Output written to D:\AI-Project-Assistant-Studio\plugin\intellij\build\searchableOptions\java-debugger-streams.jar\search\java-debugger-streams.jar.searchableOptions.xml
2026-06-29 14:28:31,884 [  30093]   INFO - STDOUT - Output written to D:\AI-Project-Assistant-Studio\plugin\intellij\build\searchableOptions\vcs-perforce.jar\search\vcs-perforce.jar.searchableOptions.xml
2026-06-29 14:28:31,892 [  30101]   INFO - STDOUT - Output written to D:\AI-Project-Assistant-Studio\plugin\intellij\build\searchableOptions\gradle.jar\search\gradle.jar.searchableOptions.xml
2026-06-29 14:28:31,898 [  30107]   INFO - STDOUT - Output written to D:\AI-Project-Assistant-Studio\plugin\intellij\build\searchableOptions\testng-plugin.jar\search\testng-plugin.jar.searchableOptions.xml
2026-06-29 14:28:31,906 [  30115]   INFO - STDOUT - Output written to D:\AI-Project-Assistant-Studio\plugin\intellij\build\searchableOptions\grazie.jar\search\grazie.jar.searchableOptions.xml
2026-06-29 14:28:31,912 [  30121]   INFO - STDOUT - Output written to D:\AI-Project-Assistant-Studio\plugin\intellij\build\searchableOptions\qodana.jar\search\qodana.jar.searchableOptions.xml
2026-06-29 14:28:31,923 [  30132]   INFO - STDOUT - Output written to D:\AI-Project-Assistant-Studio\plugin\intellij\build\searchableOptions\app.jar\search\app.jar.searchableOptions.xml
2026-06-29 14:28:31,928 [  30137]   INFO - STDOUT - Output written to D:\AI-Project-Assistant-Studio\plugin\intellij\build\searchableOptions\completionMlRanking.jar\search\completionMlRanking.jar.searchableOptions.xml
2026-06-29 14:28:31,936 [  30145]   INFO - STDOUT - Output written to D:\AI-Project-Assistant-Studio\plugin\intellij\build\searchableOptions\java-decompiler.jar\search\java-decompiler.jar.searchableOptions.xml
2026-06-29 14:28:31,945 [  30154]   INFO - STDOUT - Output written to D:\AI-Project-Assistant-Studio\plugin\intellij\build\searchableOptions\vcs-hg.jar\search\vcs-hg.jar.searchableOptions.xml
2026-06-29 14:28:31,949 [  30158]   INFO - STDOUT - Output written to D:\AI-Project-Assistant-Studio\plugin\intellij\build\searchableOptions\performanceTesting.jar\search\performanceTesting.jar.searchableOptions.xml
2026-06-29 14:28:31,955 [  30164]   INFO - STDOUT - Output written to D:\AI-Project-Assistant-Studio\plugin\intellij\build\searchableOptions\vcs-gitlab.jar\search\vcs-gitlab.jar.searchableOptions.xml
2026-06-29 14:28:31,963 [  30172]   INFO - STDOUT - Output written to D:\AI-Project-Assistant-Studio\plugin\intellij\build\searchableOptions\cwm-common.jar\search\cwm-common.jar.searchableOptions.xml
2026-06-29 14:28:31,976 [  30185]   INFO - STDOUT - Output written to D:\AI-Project-Assistant-Studio\plugin\intellij\build\searchableOptions\java-i18n.jar\search\java-i18n.jar.searchableOptions.xml
2026-06-29 14:28:31,982 [  30191]   INFO - STDOUT - Output written to D:\AI-Project-Assistant-Studio\plugin\intellij\build\searchableOptions\Groovy.jar!\search\Groovy.jar!.searchableOptions.xml
2026-06-29 14:28:31,991 [  30200]   INFO - STDOUT - Output written to D:\AI-Project-Assistant-Studio\plugin\intellij\build\searchableOptions\toml.jar\search\toml.jar.searchableOptions.xml
2026-06-29 14:28:32,000 [  30209]   INFO - STDOUT - Output written to D:\AI-Project-Assistant-Studio\plugin\intellij\build\searchableOptions\platform-ijent-impl.jar\search\platform-ijent-impl.jar.searchableOptions.xml
2026-06-29 14:28:32,008 [  30217]   INFO - STDOUT - Output written to D:\AI-Project-Assistant-Studio\plugin\intellij\build\searchableOptions\idea-junit.jar\search\idea-junit.jar.searchableOptions.xml
2026-06-29 14:28:32,020 [  30229]   INFO - STDOUT - Output written to D:\AI-Project-Assistant-Studio\plugin\intellij\build\searchableOptions\yaml.jar\search\yaml.jar.searchableOptions.xml
2026-06-29 14:28:32,028 [  30237]   INFO - STDOUT - Output written to D:\AI-Project-Assistant-Studio\plugin\intellij\build\searchableOptions\packageChecker.jar\search\packageChecker.jar.searchableOptions.xml
2026-06-29 14:28:32,035 [  30244]   INFO - STDOUT - Output written to D:\AI-Project-Assistant-Studio\plugin\intellij\build\searchableOptions\platform-tracing-ide.jar\search\platform-tracing-ide.jar.searchableOptions.xml
2026-06-29 14:28:32,047 [  30256]   INFO - STDOUT - Output written to D:\AI-Project-Assistant-Studio\plugin\intellij\build\searchableOptions\editorconfig.jar\search\editorconfig.jar.searchableOptions.xml
2026-06-29 14:28:32,057 [  30266]   INFO - STDOUT - Output written to D:\AI-Project-Assistant-Studio\plugin\intellij\build\searchableOptions\vcs-github.jar\search\vcs-github.jar.searchableOptions.xml
2026-06-29 14:28:32,063 [  30272]   INFO - STDOUT - Output written to D:\AI-Project-Assistant-Studio\plugin\intellij\build\searchableOptions\platform-langInjection.jar\search\platform-langInjection.jar.searchableOptions.xml
2026-06-29 14:28:32,069 [  30278]   INFO - STDOUT - Output written to D:\AI-Project-Assistant-Studio\plugin\intellij\build\searchableOptions\platform-images.jar\search\platform-images.jar.searchableOptions.xml
2026-06-29 14:28:32,079 [  30288]   INFO - STDOUT - Output written to D:\AI-Project-Assistant-Studio\plugin\intellij\build\searchableOptions\kotlin-plugin.jar\search\kotlin-plugin.jar.searchableOptions.xml
2026-06-29 14:28:32,093 [  30302]   INFO - STDOUT - Output written to D:\AI-Project-Assistant-Studio\plugin\intellij\build\searchableOptions\vcs-git.jar\search\vcs-git.jar.searchableOptions.xml
2026-06-29 14:28:32,102 [  30311]   INFO - STDOUT - Output written to D:\AI-Project-Assistant-Studio\plugin\intellij\build\searchableOptions\modules.jar\search\modules.jar.searchableOptions.xml
2026-06-29 14:28:32,110 [  30319]   INFO - STDOUT - Output written to D:\AI-Project-Assistant-Studio\plugin\intellij\build\searchableOptions\indexing-shared.jar\search\indexing-shared.jar.searchableOptions.xml
2026-06-29 14:28:32,122 [  30331]   INFO - STDOUT - Output written to D:\AI-Project-Assistant-Studio\plugin\intellij\build\searchableOptions\featuresTrainer.jar\search\featuresTrainer.jar.searchableOptions.xml
2026-06-29 14:28:32,151 [  30360]   INFO - STDOUT - Output written to D:\AI-Project-Assistant-Studio\plugin\intellij\build\searchableOptions\kotlin-plugin.jar!\search\kotlin-plugin.jar!.searchableOptions.xml
2026-06-29 14:28:32,162 [  30371]   INFO - STDOUT - Output written to D:\AI-Project-Assistant-Studio\plugin\intellij\build\searchableOptions\cwm-host.jar\search\cwm-host.jar.searchableOptions.xml
2026-06-29 14:28:32,177 [  30386]   INFO - STDOUT - Output written to D:\AI-Project-Assistant-Studio\plugin\intellij\build\searchableOptions\gradle-java-maven.jar\search\gradle-java-maven.jar.searchableOptions.xml
2026-06-29 14:28:32,184 [  30393]   INFO - STDOUT - Output written to D:\AI-Project-Assistant-Studio\plugin\intellij\build\searchableOptions\settingsSync.jar\search\settingsSync.jar.searchableOptions.xml
2026-06-29 14:28:32,184 [  30393]   INFO - STDOUT - Searchable options index builder completed
2026-06-29 14:28:32,185 [  30394]   INFO - #c.i.u.i.FileBasedIndexImpl - Index dispose started
2026-06-29 14:28:32,338 [  30547]   INFO - #c.i.p.s.StubIndexImpl - StubIndexExtension-s were unloaded
2026-06-29 14:28:32,339 [  30548]   INFO - #c.i.p.s.SerializationManagerImpl - Start shutting down D:\AI-Project-Assistant-Studio\plugin\intellij\build\idea-sandbox\system\index\rep.names
2026-06-29 14:28:32,339 [  30548]   INFO - #c.i.p.s.SerializationManagerImpl - Finished shutting down D:\AI-Project-Assistant-Studio\plugin\intellij\build\idea-sandbox\system\index\rep.names
2026-06-29 14:28:32,341 [  30550]   INFO - #c.i.u.i.FileBasedIndexImpl - Index dispose completed in 156ms.
2026-06-29 14:28:32,348 [  30557]   INFO - #c.i.o.v.n.p.PersistentFSImpl - VFS dispose started
2026-06-29 14:28:32,349 [  30558]   INFO - #c.i.o.v.n.p.FSRecordsImpl - VFS closing
2026-06-29 14:28:32,361 [  30570]   INFO - #c.i.o.v.n.p.PersistentFSImpl - VFS dispose completed in 11 ms.
2026-06-29 14:28:32,401 [  30610]   INFO - #c.i.p.i.b.AppStarter - ------------------------------------------------------ IDE SHUTDOWN ------------------------------------------------------
